# JRE version: Java(TM) SE Runtime Environment (8.0_73-b02) (build 1.8.0_73-b02)
# Java VM: Java HotSpot(TM) 64-Bit Server VM (25.73-b02 mixed mode windows-amd64 compressed oops)
Heap:
 PSYoungGen      total 336384K, used 116538K [0x000000076ab00000, 0x0000000788b00000, 0x00000007c0000000)
  eden space 279552K, 23% used [0x000000076ab00000,0x000000076ea123a0,0x000000077bc00000)
  from space 56832K, 91% used [0x000000077fb80000,0x0000000782e3c818,0x0000000783300000)
  to   space 65024K, 0% used [0x000000077bc00000,0x000000077bc00000,0x000000077fb80000)
 ParOldGen       total 123392K, used 123060K [0x00000006c0000000, 0x00000006c7880000, 0x000000076ab00000)
  object space 123392K, 99% used [0x00000006c0000000,0x00000006c782d210,0x00000006c7880000)
 Metaspace       used 6380K, capacity 7284K, committed 7552K, reserved 1056768K
  class space    used 609K, capacity 620K, committed 640K, reserved 1048576K
GC Heap History (10 events):
Event: 46.355 GC heap before
{Heap before GC invocations=10 (full 1):
 PSYoungGen      total 211968K, used 25087K [0x000000076ab00000, 0x0000000781800000, 0x00000007c0000000)
  eden space 186880K, 0% used [0x000000076ab00000,0x000000076ab00000,0x0000000776180000)
  from space 25088K, 99% used [0x0000000776180000,0x00000007779ffc18,0x0000000777a00000)
  to   space 37376K, 0% used [0x000000077f380000,0x000000077f380000,0x0000000781800000)
 ParOldGen       total 65536K, used 59411K [0x00000006c0000000, 0x00000006c4000000, 0x000000076ab00000)
  object space 65536K, 90% used [0x00000006c0000000,0x00000006c3a04e00,0x00000006c4000000)
 Metaspace       used 6351K, capacity 7284K, committed 7552K, reserved 1056768K
  class space    used 608K, capacity 620K, committed 640K, reserved 1048576K
Event: 48.325 GC heap after
Heap after GC invocations=10 (full 1):
 PSYoungGen      total 211968K, used 14724K [0x000000076ab00000, 0x0000000781800000, 0x00000007c0000000)
  eden space 186880K, 0% used [0x000000076ab00000,0x000000076ab00000,0x0000000776180000)
  from space 25088K, 58% used [0x0000000776180000,0x0000000776fe1390,0x0000000777a00000)
  to   space 37376K, 0% used [0x000000077f380000,0x000000077f380000,0x0000000781800000)
 ParOldGen       total 121344K, used 65097K [0x00000006c0000000, 0x00000006c7680000, 0x000000076ab00000)
  object space 121344K, 53% used [0x00000006c0000000,0x00000006c3f92710,0x00000006c7680000)
 Metaspace       used 6351K, capacity 7284K, committed 7552K, reserved 1056768K
  class space    used 608K, capacity 620K, committed 640K, reserved 1048576K
}
Event: 56.835 GC heap before
{Heap before GC invocations=11 (full 1):
 PSYoungGen      total 211968K, used 201604K [0x000000076ab00000, 0x0000000781800000, 0x00000007c0000000)
  eden space 186880K, 100% used [0x000000076ab00000,0x0000000776180000,0x0000000776180000)
  from space 25088K, 58% used [0x0000000776180000,0x0000000776fe1390,0x0000000777a00000)
  to   space 37376K, 0% used [0x000000077f380000,0x000000077f380000,0x0000000781800000)
 ParOldGen       total 121344K, used 65097K [0x00000006c0000000, 0x00000006c7680000, 0x000000076ab00000)
  object space 121344K, 53% used [0x00000006c0000000,0x00000006c3f92710,0x00000006c7680000)
 Metaspace       used 6362K, capacity 7284K, committed 7552K, reserved 1056768K
  class space    used 608K, capacity 620K, committed 640K, reserved 1048576K
Event: 57.007 GC heap after
Heap after GC invocations=11 (full 1):
 PSYoungGen      total 264192K, used 34470K [0x000000076ab00000, 0x0000000781580000, 0x00000007c0000000)
  eden space 229376K, 0% used [0x000000076ab00000,0x000000076ab00000,0x0000000778b00000)
  from space 34816K, 99% used [0x000000077f380000,0x0000000781529880,0x0000000781580000)
  to   space 41984K, 0% used [0x000000077c380000,0x000000077c380000,0x000000077ec80000)
 ParOldGen       total 121344K, used 71325K [0x00000006c0000000, 0x00000006c7680000, 0x000000076ab00000)
  object space 121344K, 58% used [0x00000006c0000000,0x00000006c45a7480,0x00000006c7680000)
 Metaspace       used 6362K, capacity 7284K, committed 7552K, reserved 1056768K
  class space    used 608K, capacity 620K, committed 640K, reserved 1048576K
}
Event: 63.382 GC heap before
{Heap before GC invocations=12 (full 1):
 PSYoungGen      total 264192K, used 263846K [0x000000076ab00000, 0x0000000781580000, 0x00000007c0000000)
  eden space 229376K, 100% used [0x000000076ab00000,0x0000000778b00000,0x0000000778b00000)
  from space 34816K, 99% used [0x000000077f380000,0x0000000781529880,0x0000000781580000)
  to   space 41984K, 0% used [0x000000077c380000,0x000000077c380000,0x000000077ec80000)
 ParOldGen       total 121344K, used 71325K [0x00000006c0000000, 0x00000006c7680000, 0x000000076ab00000)
  object space 121344K, 58% used [0x00000006c0000000,0x00000006c45a7480,0x00000006c7680000)
 Metaspace       used 6376K, capacity 7284K, committed 7552K, reserved 1056768K
  class space    used 608K, capacity 620K, committed 640K, reserved 1048576K
Event: 63.675 GC heap after
Heap after GC invocations=12 (full 1):
 PSYoungGen      total 329216K, used 41977K [0x000000076ab00000, 0x0000000783300000, 0x00000007c0000000)
  eden space 287232K, 0% used [0x000000076ab00000,0x000000076ab00000,0x000000077c380000)
  from space 41984K, 99% used [0x000000077c380000,0x000000077ec7e498,0x000000077ec80000)
  to   space 56832K, 0% used [0x000000077fb80000,0x000000077fb80000,0x0000000783300000)
 ParOldGen       total 121344K, used 93732K [0x00000006c0000000, 0x00000006c7680000, 0x000000076ab00000)
  object space 121344K, 77% used [0x00000006c0000000,0x00000006c5b89240,0x00000006c7680000)
 Metaspace       used 6376K, capacity 7284K, committed 7552K, reserved 1056768K
  class space    used 608K, capacity 620K, committed 640K, reserved 1048576K
}
Event: 71.654 GC heap before
{Heap before GC invocations=13 (full 1):
 PSYoungGen      total 329216K, used 329209K [0x000000076ab00000, 0x0000000783300000, 0x00000007c0000000)
  eden space 287232K, 100% used [0x000000076ab00000,0x000000077c380000,0x000000077c380000)
  from space 41984K, 99% used [0x000000077c380000,0x000000077ec7e498,0x000000077ec80000)
  to   space 56832K, 0% used [0x000000077fb80000,0x000000077fb80000,0x0000000783300000)
 ParOldGen       total 121344K, used 93732K [0x00000006c0000000, 0x00000006c7680000, 0x000000076ab00000)
  object space 121344K, 77% used [0x00000006c0000000,0x00000006c5b89240,0x00000006c7680000)
 Metaspace       used 6379K, capacity 7284K, committed 7552K, reserved 1056768K
  class space    used 609K, capacity 620K, committed 640K, reserved 1048576K
Event: 71.973 GC heap after
Heap after GC invocations=13 (full 1):
 PSYoungGen      total 336384K, used 53801K [0x000000076ab00000, 0x0000000788b00000, 0x00000007c0000000)
  eden space 279552K, 0% used [0x000000076ab00000,0x000000076ab00000,0x000000077bc00000)
  from space 56832K, 94% used [0x000000077fb80000,0x000000078300a620,0x0000000783300000)
  to   space 65024K, 0% used [0x000000077bc00000,0x000000077bc00000,0x000000077fb80000)
 ParOldGen       total 123392K, used 123045K [0x00000006c0000000, 0x00000006c7880000, 0x000000076ab00000)
  object space 123392K, 99% used [0x00000006c0000000,0x00000006c78295a0,0x00000006c7880000)
 Metaspace       used 6379K, capacity 7284K, committed 7552K, reserved 1056768K
  class space    used 609K, capacity 620K, committed 640K, reserved 1048576K
}
Event: 71.973 GC heap before
{Heap before GC invocations=14 (full 2):
 PSYoungGen      total 336384K, used 53801K [0x000000076ab00000, 0x0000000788b00000, 0x00000007c0000000)
  eden space 279552K, 0% used [0x000000076ab00000,0x000000076ab00000,0x000000077bc00000)
  from space 56832K, 94% used [0x000000077fb80000,0x000000078300a620,0x0000000783300000)
  to   space 65024K, 0% used [0x000000077bc00000,0x000000077bc00000,0x000000077fb80000)
 ParOldGen       total 123392K, used 123045K [0x00000006c0000000, 0x00000006c7880000, 0x000000076ab00000)
  object space 123392K, 99% used [0x00000006c0000000,0x00000006c78295a0,0x00000006c7880000)
 Metaspace       used 6379K, capacity 7284K, committed 7552K, reserved 1056768K
  class space    used 609K, capacity 620K, committed 640K, reserved 1048576K
Event: 74.448 GC heap after
Heap after GC invocations=14 (full 2):
 PSYoungGen      total 336384K, used 51954K [0x000000076ab00000, 0x0000000788b00000, 0x00000007c0000000)
  eden space 279552K, 0% used [0x000000076ab00000,0x000000076ab00000,0x000000077bc00000)
  from space 56832K, 91% used [0x000000077fb80000,0x0000000782e3c818,0x0000000783300000)
  to   space 65024K, 0% used [0x000000077bc00000,0x000000077bc00000,0x000000077fb80000)
 ParOldGen       total 123392K, used 123060K [0x00000006c0000000, 0x00000006c7880000, 0x000000076ab00000)
  object space 123392K, 99% used [0x00000006c0000000,0x00000006c782d210,0x00000006c7880000)
 Metaspace       used 6379K, capacity 7284K, committed 7552K, reserved 1056768K
  class space    used 609K, capacity 620K, committed 640K, reserved 1048576K
}

