# JRE version: Java(TM) SE Runtime Environment (8.0_73-b02) (build 1.8.0_73-b02)
# Java VM: Java HotSpot(TM) 64-Bit Server VM (25.73-b02 mixed mode windows-amd64 compressed oops)
Heap:
 PSYoungGen      total 256000K, used 226362K [0x00000000eab00000, 0x0000000100000000, 0x0000000100000000)
  eden space 209920K, 88% used [0x00000000eab00000,0x00000000f60e3ca0,0x00000000f7800000)
  from space 46080K, 87% used [0x00000000fd300000,0x00000000ffa2ae40,0x0000000100000000)
  to   space 69632K, 0% used [0x00000000f7800000,0x00000000f7800000,0x00000000fbc00000)
 ParOldGen       total 212480K, used 119747K [0x00000000c0000000, 0x00000000ccf80000, 0x00000000eab00000)
  object space 212480K, 56% used [0x00000000c0000000,0x00000000c74f0ef8,0x00000000ccf80000)
 Metaspace       used 6397K, capacity 7286K, committed 7552K, reserved 1056768K
  class space    used 610K, capacity 622K, committed 640K, reserved 1048576K
GC Heap History (10 events):
Event: 8.326 GC heap before
{Heap before GC invocations=10 (full 1):
 PSYoungGen      total 214016K, used 25569K [0x00000000eab00000, 0x0000000100000000, 0x0000000100000000)
  eden space 188416K, 0% used [0x00000000eab00000,0x00000000eab00000,0x00000000f6300000)
  from space 25600K, 99% used [0x00000000f6300000,0x00000000f7bf8750,0x00000000f7c00000)
  to   space 36864K, 0% used [0x00000000fdc00000,0x00000000fdc00000,0x0000000100000000)
 ParOldGen       total 65536K, used 56952K [0x00000000c0000000, 0x00000000c4000000, 0x00000000eab00000)
  object space 65536K, 86% used [0x00000000c0000000,0x00000000c379e260,0x00000000c4000000)
 Metaspace       used 6349K, capacity 7222K, committed 7296K, reserved 1056768K
  class space    used 608K, capacity 622K, committed 640K, reserved 1048576K
Event: 9.593 GC heap after
Heap after GC invocations=10 (full 1):
 PSYoungGen      total 214016K, used 11161K [0x00000000eab00000, 0x0000000100000000, 0x0000000100000000)
  eden space 188416K, 0% used [0x00000000eab00000,0x00000000eab00000,0x00000000f6300000)
  from space 25600K, 43% used [0x00000000f6300000,0x00000000f6de67a0,0x00000000f7c00000)
  to   space 36864K, 0% used [0x00000000fdc00000,0x00000000fdc00000,0x0000000100000000)
 ParOldGen       total 119808K, used 65233K [0x00000000c0000000, 0x00000000c7500000, 0x00000000eab00000)
  object space 119808K, 54% used [0x00000000c0000000,0x00000000c3fb4750,0x00000000c7500000)
 Metaspace       used 6349K, capacity 7222K, committed 7296K, reserved 1056768K
  class space    used 608K, capacity 622K, committed 640K, reserved 1048576K
}
Event: 11.521 GC heap before
{Heap before GC invocations=11 (full 1):
 PSYoungGen      total 214016K, used 199577K [0x00000000eab00000, 0x0000000100000000, 0x0000000100000000)
  eden space 188416K, 100% used [0x00000000eab00000,0x00000000f6300000,0x00000000f6300000)
  from space 25600K, 43% used [0x00000000f6300000,0x00000000f6de67a0,0x00000000f7c00000)
  to   space 36864K, 0% used [0x00000000fdc00000,0x00000000fdc00000,0x0000000100000000)
 ParOldGen       total 119808K, used 65233K [0x00000000c0000000, 0x00000000c7500000, 0x00000000eab00000)
  object space 119808K, 54% used [0x00000000c0000000,0x00000000c3fb4750,0x00000000c7500000)
 Metaspace       used 6361K, capacity 7286K, committed 7552K, reserved 1056768K
  class space    used 609K, capacity 622K, committed 640K, reserved 1048576K
Event: 11.668 GC heap after
Heap after GC invocations=11 (full 1):
 PSYoungGen      total 261120K, used 30790K [0x00000000eab00000, 0x00000000ffa80000, 0x0000000100000000)
  eden space 229888K, 0% used [0x00000000eab00000,0x00000000eab00000,0x00000000f8b80000)
  from space 31232K, 98% used [0x00000000fdc00000,0x00000000ffa11ac0,0x00000000ffa80000)
  to   space 40448K, 0% used [0x00000000fab80000,0x00000000fab80000,0x00000000fd300000)
 ParOldGen       total 119808K, used 69322K [0x00000000c0000000, 0x00000000c7500000, 0x00000000eab00000)
  object space 119808K, 57% used [0x00000000c0000000,0x00000000c43b2a58,0x00000000c7500000)
 Metaspace       used 6361K, capacity 7286K, committed 7552K, reserved 1056768K
  class space    used 609K, capacity 622K, committed 640K, reserved 1048576K
}
Event: 14.283 GC heap before
{Heap before GC invocations=12 (full 1):
 PSYoungGen      total 261120K, used 260678K [0x00000000eab00000, 0x00000000ffa80000, 0x0000000100000000)
  eden space 229888K, 100% used [0x00000000eab00000,0x00000000f8b80000,0x00000000f8b80000)
  from space 31232K, 98% used [0x00000000fdc00000,0x00000000ffa11ac0,0x00000000ffa80000)
  to   space 40448K, 0% used [0x00000000fab80000,0x00000000fab80000,0x00000000fd300000)
 ParOldGen       total 119808K, used 69322K [0x00000000c0000000, 0x00000000c7500000, 0x00000000eab00000)
  object space 119808K, 57% used [0x00000000c0000000,0x00000000c43b2a58,0x00000000c7500000)
 Metaspace       used 6376K, capacity 7286K, committed 7552K, reserved 1056768K
  class space    used 609K, capacity 622K, committed 640K, reserved 1048576K
Event: 14.455 GC heap after
Heap after GC invocations=12 (full 1):
 PSYoungGen      total 303104K, used 40428K [0x00000000eab00000, 0x0000000100000000, 0x0000000100000000)
  eden space 262656K, 0% used [0x00000000eab00000,0x00000000eab00000,0x00000000fab80000)
  from space 40448K, 99% used [0x00000000fab80000,0x00000000fd2fb1a0,0x00000000fd300000)
  to   space 46080K, 0% used [0x00000000fd300000,0x00000000fd300000,0x0000000100000000)
 ParOldGen       total 119808K, used 87187K [0x00000000c0000000, 0x00000000c7500000, 0x00000000eab00000)
  object space 119808K, 72% used [0x00000000c0000000,0x00000000c5524f80,0x00000000c7500000)
 Metaspace       used 6376K, capacity 7286K, committed 7552K, reserved 1056768K
  class space    used 609K, capacity 622K, committed 640K, reserved 1048576K
}
Event: 16.712 GC heap before
{Heap before GC invocations=13 (full 1):
 PSYoungGen      total 303104K, used 303084K [0x00000000eab00000, 0x0000000100000000, 0x0000000100000000)
  eden space 262656K, 100% used [0x00000000eab00000,0x00000000fab80000,0x00000000fab80000)
  from space 40448K, 99% used [0x00000000fab80000,0x00000000fd2fb1a0,0x00000000fd300000)
  to   space 46080K, 0% used [0x00000000fd300000,0x00000000fd300000,0x0000000100000000)
 ParOldGen       total 119808K, used 87187K [0x00000000c0000000, 0x00000000c7500000, 0x00000000eab00000)
  object space 119808K, 72% used [0x00000000c0000000,0x00000000c5524f80,0x00000000c7500000)
 Metaspace       used 6390K, capacity 7286K, committed 7552K, reserved 1056768K
  class space    used 609K, capacity 622K, committed 640K, reserved 1048576K
Event: 16.938 GC heap after
Heap after GC invocations=13 (full 1):
 PSYoungGen      total 256000K, used 46054K [0x00000000eab00000, 0x0000000100000000, 0x0000000100000000)
  eden space 209920K, 0% used [0x00000000eab00000,0x00000000eab00000,0x00000000f7800000)
  from space 46080K, 99% used [0x00000000fd300000,0x00000000ffff98d8,0x0000000100000000)
  to   space 69632K, 0% used [0x00000000f7800000,0x00000000f7800000,0x00000000fbc00000)
 ParOldGen       total 119808K, used 115684K [0x00000000c0000000, 0x00000000c7500000, 0x00000000eab00000)
  object space 119808K, 96% used [0x00000000c0000000,0x00000000c70f91e8,0x00000000c7500000)
 Metaspace       used 6390K, capacity 7286K, committed 7552K, reserved 1056768K
  class space    used 609K, capacity 622K, committed 640K, reserved 1048576K
}
Event: 16.938 GC heap before
{Heap before GC invocations=14 (full 2):
 PSYoungGen      total 256000K, used 46054K [0x00000000eab00000, 0x0000000100000000, 0x0000000100000000)
  eden space 209920K, 0% used [0x00000000eab00000,0x00000000eab00000,0x00000000f7800000)
  from space 46080K, 99% used [0x00000000fd300000,0x00000000ffff98d8,0x0000000100000000)
  to   space 69632K, 0% used [0x00000000f7800000,0x00000000f7800000,0x00000000fbc00000)
 ParOldGen       total 119808K, used 115684K [0x00000000c0000000, 0x00000000c7500000, 0x00000000eab00000)
  object space 119808K, 96% used [0x00000000c0000000,0x00000000c70f91e8,0x00000000c7500000)
 Metaspace       used 6390K, capacity 7286K, committed 7552K, reserved 1056768K
  class space    used 609K, capacity 622K, committed 640K, reserved 1048576K
Event: 19.165 GC heap after
Heap after GC invocations=14 (full 2):
 PSYoungGen      total 256000K, used 40107K [0x00000000eab00000, 0x0000000100000000, 0x0000000100000000)
  eden space 209920K, 0% used [0x00000000eab00000,0x00000000eab00000,0x00000000f7800000)
  from space 46080K, 87% used [0x00000000fd300000,0x00000000ffa2ae40,0x0000000100000000)
  to   space 69632K, 0% used [0x00000000f7800000,0x00000000f7800000,0x00000000fbc00000)
 ParOldGen       total 212480K, used 119747K [0x00000000c0000000, 0x00000000ccf80000, 0x00000000eab00000)
  object space 212480K, 56% used [0x00000000c0000000,0x00000000c74f0ef8,0x00000000ccf80000)
 Metaspace       used 6390K, capacity 7286K, committed 7552K, reserved 1056768K
  class space    used 609K, capacity 622K, committed 640K, reserved 1048576K
}

